C:\Users\Partha\Desktop\win32\shapertool\Release\cl.command.1.tlog
C:\Users\Partha\Desktop\win32\shapertool\Release\CL.read.1.tlog
C:\Users\Partha\Desktop\win32\shapertool\Release\CL.write.1.tlog
C:\Users\Partha\Desktop\win32\shapertool\Release\link.command.1.tlog
C:\Users\Partha\Desktop\win32\shapertool\Release\link.read.1.tlog
C:\Users\Partha\Desktop\win32\shapertool\Release\link.write.1.tlog
C:\Users\Partha\Desktop\win32\shapertool\Release\link-cvtres.read.1.tlog
C:\Users\Partha\Desktop\win32\shapertool\Release\link-cvtres.write.1.tlog
C:\USERS\PARTHA\DESKTOP\WIN32\SHAPERTOOL\RELEASE\MEASFLOW.OBJ
C:\Users\Partha\Desktop\win32\shapertool\Release\mt.command.1.tlog
C:\Users\Partha\Desktop\win32\shapertool\Release\mt.read.1.tlog
C:\Users\Partha\Desktop\win32\shapertool\Release\mt.write.1.tlog
C:\USERS\PARTHA\DESKTOP\WIN32\SHAPERTOOL\RELEASE\PROBER.OBJ
C:\Users\Partha\Desktop\win32\shapertool\Release\rc.command.1.tlog
C:\Users\Partha\Desktop\win32\shapertool\Release\rc.read.1.tlog
C:\Users\Partha\Desktop\win32\shapertool\Release\rc.write.1.tlog
C:\USERS\PARTHA\DESKTOP\WIN32\SHAPERTOOL\RELEASE\SHAPERTOOL.EXE
C:\USERS\PARTHA\DESKTOP\WIN32\SHAPERTOOL\RELEASE\SHAPERTOOL.EXE.INTERMEDIATE.MANIFEST
C:\USERS\PARTHA\DESKTOP\WIN32\SHAPERTOOL\RELEASE\SHAPERTOOL.OBJ
C:\USERS\PARTHA\DESKTOP\WIN32\SHAPERTOOL\RELEASE\SHAPERTOOL.PCH
C:\USERS\PARTHA\DESKTOP\WIN32\SHAPERTOOL\RELEASE\SHAPERTOOL.RES
C:\USERS\PARTHA\DESKTOP\WIN32\SHAPERTOOL\RELEASE\SHAPERTOOLDLG.OBJ
C:\USERS\PARTHA\DESKTOP\WIN32\SHAPERTOOL\RELEASE\STDAFX.OBJ
C:\USERS\PARTHA\DESKTOP\WIN32\SHAPERTOOL\RELEASE\TBDETECT.OBJ
C:\USERS\PARTHA\DESKTOP\WIN32\SHAPERTOOL\RELEASE\TCP_CLIENT.OBJ
C:\USERS\PARTHA\DESKTOP\WIN32\SHAPERTOOL\RELEASE\TCPSERVER.OBJ
C:\USERS\PARTHA\DESKTOP\WIN32\SHAPERTOOL\RELEASE\VC100.PDB
C:\USERS\PARTHA\DESKTOP\WIN32\SHAPERTOOL\RELEASE\WRAPPERS.OBJ
